<?xml version="1.0" encoding="UTF-8"?>
<!-- Generated by org.testng.reporters.JUnitXMLReporter -->
<testsuite ignored="0" hostname="Yeasin" failures="0" tests="7" name="Test" time="1.308" errors="0" timestamp="2024-09-21T08:25:00 EDT">
  <testcase classname="testBase.BaseClass" name="@BeforeClass setup" time="0.014">
    <failure type="java.lang.NullPointerException" message="Cannot invoke &amp;quot;String.equalsIgnoreCase(String)&amp;quot; because the return value of &amp;quot;java.util.Properties.getProperty(String)&amp;quot; is null">
      <![CDATA[java.lang.NullPointerException: Cannot invoke "String.equalsIgnoreCase(String)" because the return value of "java.util.Properties.getProperty(String)" is null
at testBase.BaseClass.setup(BaseClass.java:29)
at java.base/java.util.ArrayList.forEach(ArrayList.java:1511)
... Removed 25 stack frames]]>
    </failure>
  </testcase> <!-- @BeforeClass setup -->
  <testcase classname="testBase.BaseClass" name="@AfterClass tearDown" time="0.0">
    <skipped/>
  </testcase> <!-- @AfterClass tearDown -->
  <testcase classname="testBase.BaseClass" name="@BeforeClass setup" time="0.001">
    <failure type="java.lang.NullPointerException" message="Cannot invoke &amp;quot;String.equalsIgnoreCase(String)&amp;quot; because the return value of &amp;quot;java.util.Properties.getProperty(String)&amp;quot; is null">
      <![CDATA[java.lang.NullPointerException: Cannot invoke "String.equalsIgnoreCase(String)" because the return value of "java.util.Properties.getProperty(String)" is null
at testBase.BaseClass.setup(BaseClass.java:29)
at java.base/java.util.ArrayList.forEach(ArrayList.java:1511)
... Removed 25 stack frames]]>
    </failure>
  </testcase> <!-- @BeforeClass setup -->
  <testcase classname="testBase.BaseClass" name="@AfterClass tearDown" time="0.0">
    <skipped/>
  </testcase> <!-- @AfterClass tearDown -->
  <testcase classname="testBase.BaseClass" name="@BeforeClass setup" time="0.0">
    <failure type="java.lang.NullPointerException" message="Cannot invoke &amp;quot;String.equalsIgnoreCase(String)&amp;quot; because the return value of &amp;quot;java.util.Properties.getProperty(String)&amp;quot; is null">
      <![CDATA[java.lang.NullPointerException: Cannot invoke "String.equalsIgnoreCase(String)" because the return value of "java.util.Properties.getProperty(String)" is null
at testBase.BaseClass.setup(BaseClass.java:29)
at java.base/java.util.ArrayList.forEach(ArrayList.java:1511)
... Removed 25 stack frames]]>
    </failure>
  </testcase> <!-- @BeforeClass setup -->
  <testcase classname="testBase.BaseClass" name="@AfterClass tearDown" time="0.0">
    <skipped/>
  </testcase> <!-- @AfterClass tearDown -->
  <testcase classname="testCases.TC003_LoginDDT" name="verify_LoginDOT" time="0.0">
    <skipped/>
  </testcase> <!-- verify_LoginDOT -->
  <testcase classname="testCases.TC003_LoginDDT" name="verify_LoginDOT" time="0.0">
    <skipped/>
  </testcase> <!-- verify_LoginDOT -->
  <testcase classname="testCases.TC003_LoginDDT" name="verify_LoginDOT" time="0.0">
    <skipped/>
  </testcase> <!-- verify_LoginDOT -->
  <testcase classname="testCases.TC003_LoginDDT" name="verify_LoginDOT" time="0.0">
    <skipped/>
  </testcase> <!-- verify_LoginDOT -->
  <testcase classname="testCases.TC003_LoginDDT" name="verify_LoginDOT" time="0.0">
    <skipped/>
  </testcase> <!-- verify_LoginDOT -->
  <testcase classname="testCases.TC001_AccountRegistrationTest" name="verify_account_registraion" time="0.0">
    <skipped/>
  </testcase> <!-- verify_account_registraion -->
  <testcase classname="testCases.TC002_AccountLoginTest" name="verity_account_login" time="0.0">
    <skipped/>
  </testcase> <!-- verity_account_login -->
</testsuite> <!-- Test -->
