<?xml version="1.0" encoding="UTF-8"?>
<testng-results ignored="0" total="1" passed="1" failed="0" skipped="0">
  <reporter-output>
  </reporter-output>
  <suite started-at="2024-09-14T08:44:19 EDT" name="Default suite" finished-at="2024-09-14T08:44:26 EDT" duration-ms="6908">
    <groups>
    </groups>
    <test started-at="2024-09-14T08:44:19 EDT" name="Default test" finished-at="2024-09-14T08:44:26 EDT" duration-ms="6908">
      <class name="testCases.TC001_AccountRegistrationTest">
        <test-method is-config="true" signature="setup()[pri:0, instance:testCases.TC001_AccountRegistrationTest@3e8c3cb]" started-at="2024-09-14T08:44:19 EDT" name="setup" finished-at="2024-09-14T08:44:23 EDT" duration-ms="4230" status="PASS">
          <reporter-output>
          </reporter-output>
        </test-method> <!-- setup -->
        <test-method signature="verify_account_registraion()[pri:0, instance:testCases.TC001_AccountRegistrationTest@3e8c3cb]" started-at="2024-09-14T08:44:23 EDT" name="verify_account_registraion" finished-at="2024-09-14T08:44:26 EDT" duration-ms="2160" status="PASS">
          <reporter-output>
          </reporter-output>
        </test-method> <!-- verify_account_registraion -->
        <test-method is-config="true" signature="tearDown()[pri:0, instance:testCases.TC001_AccountRegistrationTest@3e8c3cb]" started-at="2024-09-14T08:44:26 EDT" name="tearDown" finished-at="2024-09-14T08:44:26 EDT" duration-ms="487" status="PASS">
          <reporter-output>
          </reporter-output>
        </test-method> <!-- tearDown -->
      </class> <!-- testCases.TC001_AccountRegistrationTest -->
    </test> <!-- Default test -->
  </suite> <!-- Default suite -->
</testng-results>
