<?xml version="1.0" encoding="UTF-8"?>
<testng-results ignored="0" total="2" passed="2" failed="0" skipped="0">
  <reporter-output>
  </reporter-output>
  <suite started-at="2024-09-21T08:53:21 EDT" name="Suite" finished-at="2024-09-21T08:53:36 EDT" duration-ms="14522">
    <groups>
      <group name="Master">
        <method signature="TC002_AccountLoginTest.verity_account_login()[pri:0, instance:testCases.TC002_AccountLoginTest@7756c3cd]" name="verity_account_login" class="testCases.TC002_AccountLoginTest"/>
        <method signature="TC002_AccountLoginTest.verity_account_login()[pri:0, instance:testCases.TC002_AccountLoginTest@45c8d09f]" name="verity_account_login" class="testCases.TC002_AccountLoginTest"/>
      </group> <!-- Master -->
    </groups>
    <test started-at="2024-09-21T08:53:21 EDT" name="Test1" finished-at="2024-09-21T08:53:28 EDT" duration-ms="6362">
      <class name="testCases.TC002_AccountLoginTest">
        <test-method is-config="true" signature="setup(java.lang.String,java.lang.String)[pri:0, instance:testCases.TC002_AccountLoginTest@7756c3cd]" started-at="2024-09-21T08:53:22 EDT" name="setup" finished-at="2024-09-21T08:53:26 EDT" duration-ms="4221" status="PASS">
          <params>
            <param index="0">
              <value>
                <![CDATA[linux]]>
              </value>
            </param>
            <param index="1">
              <value>
                <![CDATA[chrome]]>
              </value>
            </param>
          </params>
          <reporter-output>
          </reporter-output>
        </test-method> <!-- setup -->
        <test-method signature="verity_account_login()[pri:0, instance:testCases.TC002_AccountLoginTest@7756c3cd]" started-at="2024-09-21T08:53:26 EDT" name="verity_account_login" finished-at="2024-09-21T08:53:28 EDT" duration-ms="1938" status="PASS">
          <reporter-output>
          </reporter-output>
        </test-method> <!-- verity_account_login -->
        <test-method is-config="true" signature="tearDown()[pri:0, instance:testCases.TC002_AccountLoginTest@7756c3cd]" started-at="2024-09-21T08:53:28 EDT" name="tearDown" finished-at="2024-09-21T08:53:28 EDT" duration-ms="147" status="PASS">
          <reporter-output>
          </reporter-output>
        </test-method> <!-- tearDown -->
      </class> <!-- testCases.TC002_AccountLoginTest -->
    </test> <!-- Test1 -->
    <test started-at="2024-09-21T08:53:28 EDT" name="Test2" finished-at="2024-09-21T08:53:36 EDT" duration-ms="8127">
      <class name="testCases.TC002_AccountLoginTest">
        <test-method is-config="true" signature="setup(java.lang.String,java.lang.String)[pri:0, instance:testCases.TC002_AccountLoginTest@45c8d09f]" started-at="2024-09-21T08:53:28 EDT" name="setup" finished-at="2024-09-21T08:53:33 EDT" duration-ms="5088" status="PASS">
          <params>
            <param index="0">
              <value>
                <![CDATA[linux]]>
              </value>
            </param>
            <param index="1">
              <value>
                <![CDATA[firefox]]>
              </value>
            </param>
          </params>
          <reporter-output>
          </reporter-output>
        </test-method> <!-- setup -->
        <test-method signature="verity_account_login()[pri:0, instance:testCases.TC002_AccountLoginTest@45c8d09f]" started-at="2024-09-21T08:53:33 EDT" name="verity_account_login" finished-at="2024-09-21T08:53:35 EDT" duration-ms="2024" status="PASS">
          <reporter-output>
          </reporter-output>
        </test-method> <!-- verity_account_login -->
        <test-method is-config="true" signature="tearDown()[pri:0, instance:testCases.TC002_AccountLoginTest@45c8d09f]" started-at="2024-09-21T08:53:35 EDT" name="tearDown" finished-at="2024-09-21T08:53:36 EDT" duration-ms="1006" status="PASS">
          <reporter-output>
          </reporter-output>
        </test-method> <!-- tearDown -->
      </class> <!-- testCases.TC002_AccountLoginTest -->
    </test> <!-- Test2 -->
  </suite> <!-- Suite -->
</testng-results>
